--- Job assignment5.gms Start 11/09/25 16:31:33 51.1.0 2d039df5 DAX-DAC arm 64bit/macOS
--- Applying:
    /Library/Frameworks/GAMS.framework/Versions/51/Resources/gmsprmun.txt
--- GAMS Parameters defined
    Input /Users/chrisat/Development/school/renewable-energy-systems/subjects/tek5410/assignment5/assignment5.gms
    PageSize 0
    ScrDir /Users/chrisat/Development/school/renewable-energy-systems/subjects/tek5410/assignment5/225a/
    SysDir /Library/Frameworks/GAMS.framework/Versions/51/Resources/
    LogOption 3
    AppendLog 1
    ErrMsg 1
    ErrorLog 99
    IDE 1
    LstTitleLeftAligned 1
Licensee: GAMS Demo, for EULA and demo limitations see   G250826+0003Cc-GEN
          https://www.gams.com/latest/docs/UG%5FLicense.html         DC0000
          /Library/Frameworks/GAMS.framework/Versions/51/Resources/gamslice.txt
          v:2                                                              
          Demo license for demonstration and instructional purposes only
System information: 14 physical cores and 48 Gb physical memory detected
GAMS 51.1.0   Copyright (C) 1987-2025 GAMS Development. All rights reserved
--- Starting compilation
--- assignment5.gms(17) 3 Mb 1 Error
*** Error 282 in /Users/chrisat/Development/school/renewable-energy-systems/subjects/tek5410/assignment5/assignment5.gms
    Unable to open include file
       Hint: Does the filename need to be quoted?
--- assignment5.gms(31) 3 Mb 2 Errors
*** Error 116 in /Users/chrisat/Development/school/renewable-energy-systems/subjects/tek5410/assignment5/assignment5.gms
    Label is unknown
--- assignment5.gms(32) 3 Mb 3 Errors
*** Error 116 in /Users/chrisat/Development/school/renewable-energy-systems/subjects/tek5410/assignment5/assignment5.gms
    Label is unknown
--- assignment5.gms(33) 3 Mb 4 Errors
*** Error 116 in /Users/chrisat/Development/school/renewable-energy-systems/subjects/tek5410/assignment5/assignment5.gms
    Label is unknown
--- assignment5.gms(40) 3 Mb 6 Errors
*** Error 170 in /Users/chrisat/Development/school/renewable-energy-systems/subjects/tek5410/assignment5/assignment5.gms
    Domain violation for element
*** Error   1 in /Users/chrisat/Development/school/renewable-energy-systems/subjects/tek5410/assignment5/assignment5.gms
    Real number expected
--- assignment5.gms(41) 3 Mb 12 Errors
*** Error 170 in /Users/chrisat/Development/school/renewable-energy-systems/subjects/tek5410/assignment5/assignment5.gms
    Domain violation for element
*** Error 610 in /Users/chrisat/Development/school/renewable-energy-systems/subjects/tek5410/assignment5/assignment5.gms
    At least one embedded value required
*** Error 334 in /Users/chrisat/Development/school/renewable-energy-systems/subjects/tek5410/assignment5/assignment5.gms
    Illegal data following a data element - rest ignored
*** Error  96 in /Users/chrisat/Development/school/renewable-energy-systems/subjects/tek5410/assignment5/assignment5.gms
    Blank needed between identifier and text
      (-or- illegal character in identifier)
      (-or- check for missing ';' on previous line)
*** Error 710 in /Users/chrisat/Development/school/renewable-energy-systems/subjects/tek5410/assignment5/assignment5.gms
    Variable/Equation data definition with wrong suffix
       possible ones are: L M LO UP FX (L,LO,UP) SCALE PRIOR
*** Error   1 in /Users/chrisat/Development/school/renewable-energy-systems/subjects/tek5410/assignment5/assignment5.gms
    Real number expected
--- assignment5.gms(42) 3 Mb 17 Errors
*** Error 710 in /Users/chrisat/Development/school/renewable-energy-systems/subjects/tek5410/assignment5/assignment5.gms
    Variable/Equation data definition with wrong suffix
       possible ones are: L M LO UP FX (L,LO,UP) SCALE PRIOR
*** Error 610 in /Users/chrisat/Development/school/renewable-energy-systems/subjects/tek5410/assignment5/assignment5.gms
    At least one embedded value required
*** Error 172 in /Users/chrisat/Development/school/renewable-energy-systems/subjects/tek5410/assignment5/assignment5.gms
    Element is redefined
*** Error 334 in /Users/chrisat/Development/school/renewable-energy-systems/subjects/tek5410/assignment5/assignment5.gms
    Illegal data following a data element - rest ignored
*** Error 409 in /Users/chrisat/Development/school/renewable-energy-systems/subjects/tek5410/assignment5/assignment5.gms
    Unrecognizable item - skip to find a new statement
      looking for a ';' or a key word to get started again
--- assignment5.gms(44) 3 Mb 18 Errors
*** Error 342 in /Users/chrisat/Development/school/renewable-energy-systems/subjects/tek5410/assignment5/assignment5.gms
    Illegal suffix syntax - has to start with a letter
--- assignment5.gms(49) 3 Mb 23 Errors
*** Error 409 in /Users/chrisat/Development/school/renewable-energy-systems/subjects/tek5410/assignment5/assignment5.gms
    Unrecognizable item - skip to find a new statement
      looking for a ';' or a key word to get started again
*** Error   7 in /Users/chrisat/Development/school/renewable-energy-systems/subjects/tek5410/assignment5/assignment5.gms
    '(' expected
*** Error 140 in /Users/chrisat/Development/school/renewable-energy-systems/subjects/tek5410/assignment5/assignment5.gms
    Unknown symbol
*** Error   2 in /Users/chrisat/Development/school/renewable-energy-systems/subjects/tek5410/assignment5/assignment5.gms
    Identifier expected
*** Error  36 in /Users/chrisat/Development/school/renewable-energy-systems/subjects/tek5410/assignment5/assignment5.gms
    '=' or '..' or ':=' or '$=' operator expected
    rest of statement ignored
--- assignment5.gms(50) 3 Mb 31 Errors
*** Error   2 in /Users/chrisat/Development/school/renewable-energy-systems/subjects/tek5410/assignment5/assignment5.gms
    Identifier expected
*** Error 441 in /Users/chrisat/Development/school/renewable-energy-systems/subjects/tek5410/assignment5/assignment5.gms
    Expected TO or DOWNTO. The general syntax of a FOR statement is
      FOR ( i = start TO/DOWNTO end [BY increment] , statements )
*** Error   2 in /Users/chrisat/Development/school/renewable-energy-systems/subjects/tek5410/assignment5/assignment5.gms
    Identifier expected
*** Error 119 in /Users/chrisat/Development/school/renewable-energy-systems/subjects/tek5410/assignment5/assignment5.gms
    Number (primary) expected
*** Error 442 in /Users/chrisat/Development/school/renewable-energy-systems/subjects/tek5410/assignment5/assignment5.gms
    Expected a ',' or BY. The general syntax of a FOR statement is
      FOR ( i = start TO/DOWNTO end [BY increment] , statements )
*** Error  10 in /Users/chrisat/Development/school/renewable-energy-systems/subjects/tek5410/assignment5/assignment5.gms
    ',' expected
*** Error   8 in /Users/chrisat/Development/school/renewable-energy-systems/subjects/tek5410/assignment5/assignment5.gms
    ')' expected
*** Error 140 in /Users/chrisat/Development/school/renewable-energy-systems/subjects/tek5410/assignment5/assignment5.gms
    Unknown symbol
--- assignment5.gms(51) 3 Mb 32 Errors
*** Error 140 in /Users/chrisat/Development/school/renewable-energy-systems/subjects/tek5410/assignment5/assignment5.gms
    Unknown symbol
--- assignment5.gms(52) 3 Mb 33 Errors
*** Error 140 in /Users/chrisat/Development/school/renewable-energy-systems/subjects/tek5410/assignment5/assignment5.gms
    Unknown symbol
--- assignment5.gms(53) 3 Mb 34 Errors
*** Error 140 in /Users/chrisat/Development/school/renewable-energy-systems/subjects/tek5410/assignment5/assignment5.gms
    Unknown symbol
--- assignment5.gms(54) 3 Mb 35 Errors
*** Error 140 in /Users/chrisat/Development/school/renewable-energy-systems/subjects/tek5410/assignment5/assignment5.gms
    Unknown symbol
--- assignment5.gms(55) 3 Mb 37 Errors
*** Error 140 in /Users/chrisat/Development/school/renewable-energy-systems/subjects/tek5410/assignment5/assignment5.gms
    Unknown symbol
*** Error 409 in /Users/chrisat/Development/school/renewable-energy-systems/subjects/tek5410/assignment5/assignment5.gms
    Unrecognizable item - skip to find a new statement
      looking for a ';' or a key word to get started again
--- assignment5.gms(66) 3 Mb 38 Errors
*** Error 122 in /Users/chrisat/Development/school/renewable-energy-systems/subjects/tek5410/assignment5/assignment5.gms
    One dimensional set expected
--- assignment5.gms(67) 3 Mb 39 Errors
*** Error 122 in /Users/chrisat/Development/school/renewable-energy-systems/subjects/tek5410/assignment5/assignment5.gms
    One dimensional set expected
--- assignment5.gms(82) 3 Mb 40 Errors
*** Error 122 in /Users/chrisat/Development/school/renewable-energy-systems/subjects/tek5410/assignment5/assignment5.gms
    One dimensional set expected
--- assignment5.gms(83) 3 Mb 41 Errors
*** Error 122 in /Users/chrisat/Development/school/renewable-energy-systems/subjects/tek5410/assignment5/assignment5.gms
    One dimensional set expected
--- assignment5.gms(86) 3 Mb 42 Errors
*** Error 148 in /Users/chrisat/Development/school/renewable-energy-systems/subjects/tek5410/assignment5/assignment5.gms
    Dimension different - The symbol is referenced with more/less
       indices as declared
--- assignment5.gms(91) 3 Mb 51 Errors
*** Error 651 in /Users/chrisat/Development/school/renewable-energy-systems/subjects/tek5410/assignment5/assignment5.gms
    Ord type functions can only be referenced with a one dimensional set
*** Error   8 in /Users/chrisat/Development/school/renewable-energy-systems/subjects/tek5410/assignment5/assignment5.gms
    ')' expected
*** Error  10 in /Users/chrisat/Development/school/renewable-energy-systems/subjects/tek5410/assignment5/assignment5.gms
    ',' expected
*** Error 148 in /Users/chrisat/Development/school/renewable-energy-systems/subjects/tek5410/assignment5/assignment5.gms
    Dimension different - The symbol is referenced with more/less
       indices as declared
*** Error   8 in /Users/chrisat/Development/school/renewable-energy-systems/subjects/tek5410/assignment5/assignment5.gms
    ')' expected
*** Error 133 in /Users/chrisat/Development/school/renewable-energy-systems/subjects/tek5410/assignment5/assignment5.gms
    Incompatible operands for addition
*** Error 653 in /Users/chrisat/Development/school/renewable-energy-systems/subjects/tek5410/assignment5/assignment5.gms
    The left side of an equation cannot be a set expression
*** Error  37 in /Users/chrisat/Development/school/renewable-energy-systems/subjects/tek5410/assignment5/assignment5.gms
    '=l=' or '=e=' or '=g=' operator expected
*** Error 409 in /Users/chrisat/Development/school/renewable-energy-systems/subjects/tek5410/assignment5/assignment5.gms
    Unrecognizable item - skip to find a new statement
      looking for a ';' or a key word to get started again
--- assignment5.gms(106) 3 Mb 54 Errors
*** Error 148 in /Users/chrisat/Development/school/renewable-energy-systems/subjects/tek5410/assignment5/assignment5.gms
    Dimension different - The symbol is referenced with more/less
       indices as declared
*** Error 148 in /Users/chrisat/Development/school/renewable-energy-systems/subjects/tek5410/assignment5/assignment5.gms
    Dimension different - The symbol is referenced with more/less
       indices as declared
*** Error 148 in /Users/chrisat/Development/school/renewable-energy-systems/subjects/tek5410/assignment5/assignment5.gms
    Dimension different - The symbol is referenced with more/less
       indices as declared
--- assignment5.gms(107) 3 Mb 58 Errors
*** Error 150 in /Users/chrisat/Development/school/renewable-energy-systems/subjects/tek5410/assignment5/assignment5.gms
    Symbolic equations redefined
*** Error 148 in /Users/chrisat/Development/school/renewable-energy-systems/subjects/tek5410/assignment5/assignment5.gms
    Dimension different - The symbol is referenced with more/less
       indices as declared
*** Error 148 in /Users/chrisat/Development/school/renewable-energy-systems/subjects/tek5410/assignment5/assignment5.gms
    Dimension different - The symbol is referenced with more/less
       indices as declared
*** Error 148 in /Users/chrisat/Development/school/renewable-energy-systems/subjects/tek5410/assignment5/assignment5.gms
    Dimension different - The symbol is referenced with more/less
       indices as declared
--- assignment5.gms(109) 3 Mb 61 Errors
*** Error 148 in /Users/chrisat/Development/school/renewable-energy-systems/subjects/tek5410/assignment5/assignment5.gms
    Dimension different - The symbol is referenced with more/less
       indices as declared
*** Error 148 in /Users/chrisat/Development/school/renewable-energy-systems/subjects/tek5410/assignment5/assignment5.gms
    Dimension different - The symbol is referenced with more/less
       indices as declared
*** Error 409 in /Users/chrisat/Development/school/renewable-energy-systems/subjects/tek5410/assignment5/assignment5.gms
    Unrecognizable item - skip to find a new statement
      looking for a ';' or a key word to get started again
--- assignment5.gms(119) 4 Mb 63 Errors
*** Error 230 in /Users/chrisat/Development/school/renewable-energy-systems/subjects/tek5410/assignment5/assignment5.gms
    Identifier is not a model
*** Error 257 in /Users/chrisat/Development/school/renewable-energy-systems/subjects/tek5410/assignment5/assignment5.gms
    Solve statement not checked because of previous errors
--- assignment5.gms(122) 4 Mb 64 Errors
*** Error 141 in /Users/chrisat/Development/school/renewable-energy-systems/subjects/tek5410/assignment5/assignment5.gms
    Symbol declared but no values have been assigned. Check for missing
       data definition, assignment, data loading or implicit assignment
       via a solve statement. Suppress with $onImplicitAssign.
       A wild shot: You may have spurious commas in the explanatory
       text of a declaration. Check symbol reference list.
--- assignment5.gms(123) 4 Mb 65 Errors
*** Error 141 in /Users/chrisat/Development/school/renewable-energy-systems/subjects/tek5410/assignment5/assignment5.gms
    Symbol declared but no values have been assigned. Check for missing
       data definition, assignment, data loading or implicit assignment
       via a solve statement. Suppress with $onImplicitAssign.
       A wild shot: You may have spurious commas in the explanatory
       text of a declaration. Check symbol reference list.
--- assignment5.gms(128) 4 Mb 67 Errors
*** Error 230 in /Users/chrisat/Development/school/renewable-energy-systems/subjects/tek5410/assignment5/assignment5.gms
    Identifier is not a model
*** Error 257 in /Users/chrisat/Development/school/renewable-energy-systems/subjects/tek5410/assignment5/assignment5.gms
    Solve statement not checked because of previous errors
--- assignment5.gms(134) 4 Mb 67 Errors
*** Status: Compilation error(s)
--- Job assignment5.gms Stop 11/09/25 16:31:33 elapsed 0:00:00.007
